--Fri Jul 28 15:03:24 CDT 2017-- 
[+] The credentials are incorrect, the user needs to sign in again 
com.spartan.controller.UserAuthController.logIn(UserAuthController.java:22)
com.spartan.LoginView.makePrompt(LoginView.java:33)
com.spartan.LoginView.main(LoginView.java:57)
--Fri Jul 28 16:09:14 CDT 2017-- 
[+] The credentials are incorrect, the user needs to sign in again 
com.spartan.controller.UserAuthController.logIn(UserAuthController.java:22)
com.spartan.ui.LogInView.onLogin(LogInView.java:48)
com.spartan.ui.LogInView.access$000(LogInView.java:14)
com.spartan.ui.LogInView$1.actionPerformed(LogInView.java:39)
javax.swing.AbstractButton.fireActionPerformed(AbstractButton.java:2022)
javax.swing.AbstractButton$Handler.actionPerformed(AbstractButton.java:2348)
javax.swing.DefaultButtonModel.fireActionPerformed(DefaultButtonModel.java:402)
javax.swing.DefaultButtonModel.setPressed(DefaultButtonModel.java:259)
javax.swing.plaf.basic.BasicButtonListener$Actions.actionPerformed(BasicButtonListener.java:303)
javax.swing.SwingUtilities.notifyAction(SwingUtilities.java:1663)
javax.swing.JComponent.processKeyBinding(JComponent.java:2882)
javax.swing.JComponent.processKeyBindings(JComponent.java:2929)
javax.swing.JComponent.processKeyEvent(JComponent.java:2845)
java.awt.Component.processEvent(Component.java:6310)
java.awt.Container.processEvent(Container.java:2236)
java.awt.Component.dispatchEventImpl(Component.java:4889)
java.awt.Container.dispatchEventImpl(Container.java:2294)
java.awt.Component.dispatchEvent(Component.java:4711)
java.awt.KeyboardFocusManager.redispatchEvent(KeyboardFocusManager.java:1954)
java.awt.DefaultKeyboardFocusManager.dispatchKeyEvent(DefaultKeyboardFocusManager.java:806)
java.awt.DefaultKeyboardFocusManager.preDispatchKeyEvent(DefaultKeyboardFocusManager.java:1074)
java.awt.DefaultKeyboardFocusManager.typeAheadAssertions(DefaultKeyboardFocusManager.java:945)
java.awt.DefaultKeyboardFocusManager.dispatchEvent(DefaultKeyboardFocusManager.java:771)
java.awt.Component.dispatchEventImpl(Component.java:4760)
java.awt.Container.dispatchEventImpl(Container.java:2294)
java.awt.Window.dispatchEventImpl(Window.java:2746)
java.awt.Component.dispatchEvent(Component.java:4711)
java.awt.EventQueue.dispatchEventImpl(EventQueue.java:758)
java.awt.EventQueue.access$500(EventQueue.java:97)
java.awt.EventQueue$3.run(EventQueue.java:709)
java.awt.EventQueue$3.run(EventQueue.java:703)
java.security.AccessController.doPrivileged(Native Method)
java.security.ProtectionDomain$JavaSecurityAccessImpl.doIntersectionPrivilege(ProtectionDomain.java:80)
java.security.ProtectionDomain$JavaSecurityAccessImpl.doIntersectionPrivilege(ProtectionDomain.java:90)
java.awt.EventQueue$4.run(EventQueue.java:731)
java.awt.EventQueue$4.run(EventQueue.java:729)
java.security.AccessController.doPrivileged(Native Method)
java.security.ProtectionDomain$JavaSecurityAccessImpl.doIntersectionPrivilege(ProtectionDomain.java:80)
java.awt.EventQueue.dispatchEvent(EventQueue.java:728)
java.awt.EventDispatchThread.pumpOneEventForFilters(EventDispatchThread.java:201)
java.awt.EventDispatchThread.pumpEventsForFilter(EventDispatchThread.java:116)
java.awt.EventDispatchThread.pumpEventsForHierarchy(EventDispatchThread.java:105)
java.awt.EventDispatchThread.pumpEvents(EventDispatchThread.java:101)
java.awt.EventDispatchThread.pumpEvents(EventDispatchThread.java:93)
java.awt.EventDispatchThread.run(EventDispatchThread.java:82)
